# JRE version: OpenJDK Runtime Environment (15.0.1+9) (build 15.0.1+9-18)
# Java VM: OpenJDK 64-Bit Server VM (15.0.1+9-18, mixed mode, tiered, compressed oops, g1 gc, windows-amd64)
GC Precious Log:
 CPUs: 8 total, 8 available
 Memory: 7986M
 Large Page Support: Disabled
 NUMA Support: Disabled
 Compressed Oops: Enabled (32-bit)
 Heap Region Size: 1M
 Heap Min Capacity: 8M
 Heap Initial Capacity: 126M
 Heap Max Capacity: 1998M
 Pre-touch: Disabled
 Parallel Workers: 8
 Concurrent Workers: 2
 Concurrent Refinement Workers: 8
 Periodic GC: Disabled
Heap:
 garbage-first heap   total 59392K, used 37154K [0x0000000083200000, 0x0000000100000000)
  region size 1024K, 19 young (19456K), 2 survivors (2048K)
 Metaspace       used 57707K, capacity 58146K, committed 58416K, reserved 1099776K
  class space    used 7276K, capacity 7443K, committed 7552K, reserved 1048576K
GC Heap History (20 events):
Event: 3.015 GC heap before
{Heap before GC invocations=7 (full 0):
 garbage-first heap   total 40960K, used 29274K [0x0000000083200000, 0x0000000100000000)
  region size 1024K, 18 young (18432K), 1 survivors (1024K)
 Metaspace       used 28004K, capacity 28311K, committed 28464K, reserved 1075200K
  class space    used 3264K, capacity 3349K, committed 3456K, reserved 1048576K
}
Event: 3.017 GC heap after
{Heap after GC invocations=8 (full 0):
 garbage-first heap   total 40960K, used 13345K [0x0000000083200000, 0x0000000100000000)
  region size 1024K, 2 young (2048K), 2 survivors (2048K)
 Metaspace       used 28004K, capacity 28311K, committed 28464K, reserved 1075200K
  class space    used 3264K, capacity 3349K, committed 3456K, reserved 1048576K
}
Event: 3.227 GC heap before
{Heap before GC invocations=8 (full 0):
 garbage-first heap   total 40960K, used 29729K [0x0000000083200000, 0x0000000100000000)
  region size 1024K, 19 young (19456K), 2 survivors (2048K)
 Metaspace       used 31028K, capacity 31290K, committed 31536K, reserved 1077248K
  class space    used 3591K, capacity 3680K, committed 3712K, reserved 1048576K
}
Event: 3.229 GC heap after
{Heap after GC invocations=9 (full 0):
 garbage-first heap   total 40960K, used 14235K [0x0000000083200000, 0x0000000100000000)
  region size 1024K, 3 young (3072K), 3 survivors (3072K)
 Metaspace       used 31028K, capacity 31290K, committed 31536K, reserved 1077248K
  class space    used 3591K, capacity 3680K, committed 3712K, reserved 1048576K
}
Event: 3.520 GC heap before
{Heap before GC invocations=9 (full 0):
 garbage-first heap   total 40960K, used 30619K [0x0000000083200000, 0x0000000100000000)
  region size 1024K, 19 young (19456K), 3 survivors (3072K)
 Metaspace       used 32671K, capacity 33045K, committed 33072K, reserved 1079296K
  class space    used 3812K, capacity 3961K, committed 3968K, reserved 1048576K
}
Event: 3.528 GC heap after
{Heap after GC invocations=10 (full 0):
 garbage-first heap   total 40960K, used 14910K [0x0000000083200000, 0x0000000100000000)
  region size 1024K, 3 young (3072K), 3 survivors (3072K)
 Metaspace       used 32671K, capacity 33045K, committed 33072K, reserved 1079296K
  class space    used 3812K, capacity 3961K, committed 3968K, reserved 1048576K
}
Event: 4.045 GC heap before
{Heap before GC invocations=10 (full 0):
 garbage-first heap   total 40960K, used 31294K [0x0000000083200000, 0x0000000100000000)
  region size 1024K, 19 young (19456K), 3 survivors (3072K)
 Metaspace       used 34903K, capacity 35257K, committed 35504K, reserved 1081344K
  class space    used 4121K, capacity 4267K, committed 4352K, reserved 1048576K
}
Event: 4.051 GC heap after
{Heap after GC invocations=11 (full 0):
 garbage-first heap   total 40960K, used 15955K [0x0000000083200000, 0x0000000100000000)
  region size 1024K, 2 young (2048K), 2 survivors (2048K)
 Metaspace       used 34903K, capacity 35257K, committed 35504K, reserved 1081344K
  class space    used 4121K, capacity 4267K, committed 4352K, reserved 1048576K
}
Event: 4.174 GC heap before
{Heap before GC invocations=11 (full 0):
 garbage-first heap   total 40960K, used 19027K [0x0000000083200000, 0x0000000100000000)
  region size 1024K, 6 young (6144K), 2 survivors (2048K)
 Metaspace       used 35421K, capacity 35769K, committed 35920K, reserved 1081344K
  class space    used 4194K, capacity 4331K, committed 4352K, reserved 1048576K
}
Event: 4.177 GC heap after
{Heap after GC invocations=12 (full 0):
 garbage-first heap   total 40960K, used 16316K [0x0000000083200000, 0x0000000100000000)
  region size 1024K, 2 young (2048K), 2 survivors (2048K)
 Metaspace       used 35421K, capacity 35769K, committed 35920K, reserved 1081344K
  class space    used 4194K, capacity 4331K, committed 4352K, reserved 1048576K
}
Event: 4.675 GC heap before
{Heap before GC invocations=13 (full 0):
 garbage-first heap   total 40960K, used 31676K [0x0000000083200000, 0x0000000100000000)
  region size 1024K, 17 young (17408K), 2 survivors (2048K)
 Metaspace       used 37829K, capacity 38258K, committed 38448K, reserved 1083392K
  class space    used 4514K, capacity 4662K, committed 4736K, reserved 1048576K
}
Event: 4.679 GC heap after
{Heap after GC invocations=14 (full 0):
 garbage-first heap   total 49152K, used 17677K [0x0000000083200000, 0x0000000100000000)
  region size 1024K, 3 young (3072K), 3 survivors (3072K)
 Metaspace       used 37829K, capacity 38258K, committed 38448K, reserved 1083392K
  class space    used 4514K, capacity 4662K, committed 4736K, reserved 1048576K
}
Event: 5.223 GC heap before
{Heap before GC invocations=14 (full 0):
 garbage-first heap   total 49152K, used 37133K [0x0000000083200000, 0x0000000100000000)
  region size 1024K, 22 young (22528K), 3 survivors (3072K)
 Metaspace       used 41857K, capacity 42289K, committed 42416K, reserved 1087488K
  class space    used 4933K, capacity 5087K, committed 5120K, reserved 1048576K
}
Event: 5.228 GC heap after
{Heap after GC invocations=15 (full 0):
 garbage-first heap   total 49152K, used 19082K [0x0000000083200000, 0x0000000100000000)
  region size 1024K, 2 young (2048K), 2 survivors (2048K)
 Metaspace       used 41857K, capacity 42289K, committed 42416K, reserved 1087488K
  class space    used 4933K, capacity 5087K, committed 5120K, reserved 1048576K
}
Event: 6.124 GC heap before
{Heap before GC invocations=15 (full 0):
 garbage-first heap   total 49152K, used 38538K [0x0000000083200000, 0x0000000100000000)
  region size 1024K, 21 young (21504K), 2 survivors (2048K)
 Metaspace       used 46444K, capacity 46822K, committed 47024K, reserved 1091584K
  class space    used 5681K, capacity 5829K, committed 5888K, reserved 1048576K
}
Event: 6.128 GC heap after
{Heap after GC invocations=16 (full 0):
 garbage-first heap   total 49152K, used 19864K [0x0000000083200000, 0x0000000100000000)
  region size 1024K, 3 young (3072K), 3 survivors (3072K)
 Metaspace       used 46444K, capacity 46822K, committed 47024K, reserved 1091584K
  class space    used 5681K, capacity 5829K, committed 5888K, reserved 1048576K
}
Event: 6.704 GC heap before
{Heap before GC invocations=16 (full 0):
 garbage-first heap   total 49152K, used 38296K [0x0000000083200000, 0x0000000100000000)
  region size 1024K, 21 young (21504K), 3 survivors (3072K)
 Metaspace       used 51119K, capacity 51529K, committed 51760K, reserved 1095680K
  class space    used 6306K, capacity 6438K, committed 6528K, reserved 1048576K
}
Event: 6.710 GC heap after
{Heap after GC invocations=17 (full 0):
 garbage-first heap   total 49152K, used 20770K [0x0000000083200000, 0x0000000100000000)
  region size 1024K, 2 young (2048K), 2 survivors (2048K)
 Metaspace       used 51119K, capacity 51529K, committed 51760K, reserved 1095680K
  class space    used 6306K, capacity 6438K, committed 6528K, reserved 1048576K
}
Event: 7.245 GC heap before
{Heap before GC invocations=17 (full 0):
 garbage-first heap   total 49152K, used 37154K [0x0000000083200000, 0x0000000100000000)
  region size 1024K, 19 young (19456K), 2 survivors (2048K)
 Metaspace       used 55097K, capacity 55492K, committed 55728K, reserved 1097728K
  class space    used 6929K, capacity 7052K, committed 7168K, reserved 1048576K
}
Event: 7.249 GC heap after
{Heap after GC invocations=18 (full 0):
 garbage-first heap   total 59392K, used 21794K [0x0000000083200000, 0x0000000100000000)
  region size 1024K, 2 young (2048K), 2 survivors (2048K)
 Metaspace       used 55097K, capacity 55492K, committed 55728K, reserved 1097728K
  class space    used 6929K, capacity 7052K, committed 7168K, reserved 1048576K
}

