# JRE version: OpenJDK Runtime Environment (15.0.1+9) (build 15.0.1+9-18)
# Java VM: OpenJDK 64-Bit Server VM (15.0.1+9-18, mixed mode, tiered, compressed oops, g1 gc, windows-amd64)
GC Precious Log:
 CPUs: 8 total, 8 available
 Memory: 7986M
 Large Page Support: Disabled
 NUMA Support: Disabled
 Compressed Oops: Enabled (32-bit)
 Heap Region Size: 1M
 Heap Min Capacity: 8M
 Heap Initial Capacity: 126M
 Heap Max Capacity: 1998M
 Pre-touch: Disabled
 Parallel Workers: 8
 Concurrent Workers: 2
 Concurrent Refinement Workers: 8
 Periodic GC: Disabled
Heap:
 garbage-first heap   total 54272K, used 28810K [0x0000000083200000, 0x0000000100000000)
  region size 1024K, 12 young (12288K), 3 survivors (3072K)
 Metaspace       used 50949K, capacity 51366K, committed 51504K, reserved 1093632K
  class space    used 6268K, capacity 6405K, committed 6528K, reserved 1048576K
GC Heap History (20 events):
Event: 2.631 GC heap before
{Heap before GC invocations=4 (full 0):
 garbage-first heap   total 45056K, used 34120K [0x0000000083200000, 0x0000000100000000)
  region size 1024K, 26 young (26624K), 3 survivors (3072K)
 Metaspace       used 25758K, capacity 26024K, committed 26416K, reserved 1073152K
  class space    used 2996K, capacity 3077K, committed 3200K, reserved 1048576K
}
Event: 2.635 GC heap after
{Heap after GC invocations=5 (full 0):
 garbage-first heap   total 45056K, used 12129K [0x0000000083200000, 0x0000000100000000)
  region size 1024K, 4 young (4096K), 4 survivors (4096K)
 Metaspace       used 25758K, capacity 26024K, committed 26416K, reserved 1073152K
  class space    used 2996K, capacity 3077K, committed 3200K, reserved 1048576K
}
Event: 2.846 GC heap before
{Heap before GC invocations=5 (full 0):
 garbage-first heap   total 45056K, used 30561K [0x0000000083200000, 0x0000000100000000)
  region size 1024K, 23 young (23552K), 4 survivors (4096K)
 Metaspace       used 27205K, capacity 27530K, committed 27824K, reserved 1073152K
  class space    used 3191K, capacity 3281K, committed 3328K, reserved 1048576K
}
Event: 2.852 GC heap after
{Heap after GC invocations=6 (full 0):
 garbage-first heap   total 45056K, used 13079K [0x0000000083200000, 0x0000000100000000)
  region size 1024K, 2 young (2048K), 2 survivors (2048K)
 Metaspace       used 27205K, capacity 27530K, committed 27824K, reserved 1073152K
  class space    used 3191K, capacity 3281K, committed 3328K, reserved 1048576K
}
Event: 2.859 GC heap before
{Heap before GC invocations=6 (full 0):
 garbage-first heap   total 45056K, used 30487K [0x0000000083200000, 0x0000000100000000)
  region size 1024K, 20 young (20480K), 2 survivors (2048K)
 Metaspace       used 27249K, capacity 27538K, committed 27824K, reserved 1073152K
  class space    used 3198K, capacity 3283K, committed 3328K, reserved 1048576K
}
Event: 2.860 GC heap after
{Heap after GC invocations=7 (full 0):
 garbage-first heap   total 45056K, used 12961K [0x0000000083200000, 0x0000000100000000)
  region size 1024K, 2 young (2048K), 2 survivors (2048K)
 Metaspace       used 27249K, capacity 27538K, committed 27824K, reserved 1073152K
  class space    used 3198K, capacity 3283K, committed 3328K, reserved 1048576K
}
Event: 2.998 GC heap before
{Heap before GC invocations=7 (full 0):
 garbage-first heap   total 45056K, used 31393K [0x0000000083200000, 0x0000000100000000)
  region size 1024K, 21 young (21504K), 2 survivors (2048K)
 Metaspace       used 29334K, capacity 29650K, committed 29872K, reserved 1075200K
  class space    used 3386K, capacity 3475K, committed 3584K, reserved 1048576K
}
Event: 3.000 GC heap after
{Heap after GC invocations=8 (full 0):
 garbage-first heap   total 45056K, used 13575K [0x0000000083200000, 0x0000000100000000)
  region size 1024K, 2 young (2048K), 2 survivors (2048K)
 Metaspace       used 29334K, capacity 29650K, committed 29872K, reserved 1075200K
  class space    used 3386K, capacity 3475K, committed 3584K, reserved 1048576K
}
Event: 3.296 GC heap before
{Heap before GC invocations=8 (full 0):
 garbage-first heap   total 45056K, used 32007K [0x0000000083200000, 0x0000000100000000)
  region size 1024K, 21 young (21504K), 2 survivors (2048K)
 Metaspace       used 32306K, capacity 32652K, committed 32816K, reserved 1079296K
  class space    used 3764K, capacity 3895K, committed 3968K, reserved 1048576K
}
Event: 3.299 GC heap after
{Heap after GC invocations=9 (full 0):
 garbage-first heap   total 45056K, used 14425K [0x0000000083200000, 0x0000000100000000)
  region size 1024K, 2 young (2048K), 2 survivors (2048K)
 Metaspace       used 32306K, capacity 32652K, committed 32816K, reserved 1079296K
  class space    used 3764K, capacity 3895K, committed 3968K, reserved 1048576K
}
Event: 3.763 GC heap before
{Heap before GC invocations=9 (full 0):
 garbage-first heap   total 45056K, used 33881K [0x0000000083200000, 0x0000000100000000)
  region size 1024K, 21 young (21504K), 2 survivors (2048K)
 Metaspace       used 34457K, capacity 34863K, committed 35120K, reserved 1081344K
  class space    used 4050K, capacity 4201K, committed 4224K, reserved 1048576K
}
Event: 3.767 GC heap after
{Heap after GC invocations=10 (full 0):
 garbage-first heap   total 45056K, used 15595K [0x0000000083200000, 0x0000000100000000)
  region size 1024K, 2 young (2048K), 2 survivors (2048K)
 Metaspace       used 34457K, capacity 34863K, committed 35120K, reserved 1081344K
  class space    used 4050K, capacity 4201K, committed 4224K, reserved 1048576K
}
Event: 4.043 GC heap before
{Heap before GC invocations=10 (full 0):
 garbage-first heap   total 45056K, used 23787K [0x0000000083200000, 0x0000000100000000)
  region size 1024K, 11 young (11264K), 2 survivors (2048K)
 Metaspace       used 35444K, capacity 35830K, committed 35920K, reserved 1081344K
  class space    used 4192K, capacity 4330K, committed 4352K, reserved 1048576K
}
Event: 4.048 GC heap after
{Heap after GC invocations=11 (full 0):
 garbage-first heap   total 45056K, used 16436K [0x0000000083200000, 0x0000000100000000)
  region size 1024K, 2 young (2048K), 2 survivors (2048K)
 Metaspace       used 35444K, capacity 35830K, committed 35920K, reserved 1081344K
  class space    used 4192K, capacity 4330K, committed 4352K, reserved 1048576K
}
Event: 4.580 GC heap before
{Heap before GC invocations=12 (full 0):
 garbage-first heap   total 45056K, used 34868K [0x0000000083200000, 0x0000000100000000)
  region size 1024K, 20 young (20480K), 2 survivors (2048K)
 Metaspace       used 38137K, capacity 38482K, committed 38704K, reserved 1083392K
  class space    used 4566K, capacity 4694K, committed 4736K, reserved 1048576K
}
Event: 4.586 GC heap after
{Heap after GC invocations=13 (full 0):
 garbage-first heap   total 54272K, used 18131K [0x0000000083200000, 0x0000000100000000)
  region size 1024K, 3 young (3072K), 3 survivors (3072K)
 Metaspace       used 38137K, capacity 38482K, committed 38704K, reserved 1083392K
  class space    used 4566K, capacity 4694K, committed 4736K, reserved 1048576K
}
Event: 5.238 GC heap before
{Heap before GC invocations=13 (full 0):
 garbage-first heap   total 54272K, used 40659K [0x0000000083200000, 0x0000000100000000)
  region size 1024K, 25 young (25600K), 3 survivors (3072K)
 Metaspace       used 43146K, capacity 43502K, committed 43568K, reserved 1087488K
  class space    used 5071K, capacity 5214K, committed 5248K, reserved 1048576K
}
Event: 5.244 GC heap after
{Heap after GC invocations=14 (full 0):
 garbage-first heap   total 54272K, used 19667K [0x0000000083200000, 0x0000000100000000)
  region size 1024K, 4 young (4096K), 4 survivors (4096K)
 Metaspace       used 43146K, capacity 43502K, committed 43568K, reserved 1087488K
  class space    used 5071K, capacity 5214K, committed 5248K, reserved 1048576K
}
Event: 6.131 GC heap before
{Heap before GC invocations=14 (full 0):
 garbage-first heap   total 54272K, used 41171K [0x0000000083200000, 0x0000000100000000)
  region size 1024K, 25 young (25600K), 4 survivors (4096K)
 Metaspace       used 48816K, capacity 49187K, committed 49456K, reserved 1093632K
  class space    used 6013K, capacity 6148K, committed 6272K, reserved 1048576K
}
Event: 6.138 GC heap after
{Heap after GC invocations=15 (full 0):
 garbage-first heap   total 54272K, used 20618K [0x0000000083200000, 0x0000000100000000)
  region size 1024K, 3 young (3072K), 3 survivors (3072K)
 Metaspace       used 48816K, capacity 49187K, committed 49456K, reserved 1093632K
  class space    used 6013K, capacity 6148K, committed 6272K, reserved 1048576K
}

